๏ปฟ#11 70.19 Downloading prompt_toolkit-3.0.52-py3-none-any.whl (391 kB)
#11 70.25    ร”รถรผร”รถรผร”รถรผร”รถรผร”รถรผร”รถรผร”รถรผร”รถรผร”รถรผร”รถรผร”รถรผร”รถรผร”รถรผร”รถรผร”รถรผร”รถรผร”รถรผร”รถรผร”รถรผร”รถรผร”รถรผร”รถรผร”รถรผร”รถรผร”รถรผร”รถรผร”รถรผร”รถรผร”รถรผร”รถรผร”รถรผร”รถรผร”รถรผร”รถรผร”รถรผร”รถรผร”รถรผร”รถรผร”รถรผร”รถรผ 391.4/391.4 kB 6.4 MB/s eta 0:00:00
#11 70.29 Downloading pyclipper-1.4.0-cp311-cp311-manylinux2014_x86_64.manylinux_2_17_x86_64.whl (989 kB)
#11 70.46    ร”รถรผร”รถรผร”รถรผร”รถรผร”รถรผร”รถรผร”รถรผร”รถรผร”รถรผร”รถรผร”รถรผร”รถรผร”รถรผร”รถรผร”รถรผร”รถรผร”รถรผร”รถรผร”รถรผร”รถรผร”รถรผร”รถรผร”รถรผร”รถรผร”รถรผร”รถรผร”รถรผร”รถรผร”รถรผร”รถรผร”รถรผร”รถรผร”รถรผร”รถรผร”รถรผร”รถรผร”รถรผร”รถรผร”รถรผร”รถรผ 989.6/989.6 kB 6.0 MB/s eta 0:00:00
#11 70.49 Downloading pytz-2026.1.post1-py2.py3-none-any.whl (510 kB)
#11 70.57    ร”รถรผร”รถรผร”รถรผร”รถรผร”รถรผร”รถรผร”รถรผร”รถรผร”รถรผร”รถรผร”รถรผร”รถรผร”รถรผร”รถรผร”รถรผร”รถรผร”รถรผร”รถรผร”รถรผร”รถรผร”รถรผร”รถรผร”รถรผร”รถรผร”รถรผร”รถรผร”รถรผร”รถรผร”รถรผร”รถรผร”รถรผร”รถรผร”รถรผร”รถรผร”รถรผร”รถรผร”รถรผร”รถรผร”รถรผร”รถรผ 510.5/510.5 kB 6.6 MB/s eta 0:00:00
#11 70.61 Downloading pyyaml-6.0.3-cp311-cp311-manylinux2014_x86_64.manylinux_2_17_x86_64.manylinux_2_28_x86_64.whl (806 kB)
#11 70.74    ร”รถรผร”รถรผร”รถรผร”รถรผร”รถรผร”รถรผร”รถรผร”รถรผร”รถรผร”รถรผร”รถรผร”รถรผร”รถรผร”รถรผร”รถรผร”รถรผร”รถรผร”รถรผร”รถรผร”รถรผร”รถรผร”รถรผร”รถรผร”รถรผร”รถรผร”รถรผร”รถรผร”รถรผร”รถรผร”รถรผร”รถรผร”รถรผร”รถรผร”รถรผร”รถรผร”รถรผร”รถรผร”รถรผร”รถรผร”รถรผ 806.6/806.6 kB 6.0 MB/s eta 0:00:00
#11 70.78 Downloading rich-14.3.3-py3-none-any.whl (310 kB)
#11 70.83    ร”รถรผร”รถรผร”รถรผร”รถรผร”รถรผร”รถรผร”รถรผร”รถรผร”รถรผร”รถรผร”รถรผร”รถรผร”รถรผร”รถรผร”รถรผร”รถรผร”รถรผร”รถรผร”รถรผร”รถรผร”รถรผร”รถรผร”รถรผร”รถรผร”รถรผร”รถรผร”รถรผร”รถรผร”รถรผร”รถรผร”รถรผร”รถรผร”รถรผร”รถรผร”รถรผร”รถรผร”รถรผร”รถรผร”รถรผร”รถรผ 310.5/310.5 kB 6.9 MB/s eta 0:00:00
#11 70.87 Downloading safetensors-0.7.0-cp38-abi3-manylinux_2_17_x86_64.manylinux2014_x86_64.whl (507 kB)
#11 70.94    ร”รถรผร”รถรผร”รถรผร”รถรผร”รถรผร”รถรผร”รถรผร”รถรผร”รถรผร”รถรผร”รถรผร”รถรผร”รถรผร”รถรผร”รถรผร”รถรผร”รถรผร”รถรผร”รถรผร”รถรผร”รถรผร”รถรผร”รถรผร”รถรผร”รถรผร”รถรผร”รถรผร”รถรผร”รถรผร”รถรผร”รถรผร”รถรผร”รถรผร”รถรผร”รถรผร”รถรผร”รถรผร”รถรผร”รถรผร”รถรผ 507.2/507.2 kB 6.8 MB/s eta 0:00:00
#11 70.98 Downloading semchunk-2.2.2-py3-none-any.whl (10 kB)
#11 71.02 Downloading shapely-2.1.2-cp311-cp311-manylinux2014_x86_64.manylinux_2_17_x86_64.whl (3.1 MB)
#11 71.50    ร”รถรผร”รถรผร”รถรผร”รถรผร”รถรผร”รถรผร”รถรผร”รถรผร”รถรผร”รถรผร”รถรผร”รถรผร”รถรผร”รถรผร”รถรผร”รถรผร”รถรผร”รถรผร”รถรผร”รถรผร”รถรผร”รถรผร”รถรผร”รถรผร”รถรผร”รถรผร”รถรผร”รถรผร”รถรผร”รถรผร”รถรผร”รถรผร”รถรผร”รถรผร”รถรผร”รถรผร”รถรผร”รถรผร”รถรผร”รถรผ 3.1/3.1 MB 6.5 MB/s eta 0:00:00
#11 71.54 Downloading shellingham-1.5.4-py2.py3-none-any.whl (9.8 kB)
#11 71.58 Downloading six-1.17.0-py2.py3-none-any.whl (11 kB)
#11 71.61 Downloading soupsieve-2.8.3-py3-none-any.whl (37 kB)
#11 71.65 Downloading tabulate-0.9.0-py3-none-any.whl (35 kB)
#11 71.69 Downloading torch-2.10.0-cp311-cp311-manylinux_2_28_x86_64.whl (915.6 MB)
